Android/HearingAppJunio/build/outputs/logs/manifest-merger-debug-report.txt
-- Merging decision tree log ---
manifest
ADDED from Android/HearingAppJunio/AndroidManifest.xml:16:1-45:12
	package
		ADDED from Android/HearingAppJunio/AndroidManifest.xml:17:7-49
	android:versionName
		ADDED from Android/HearingAppJunio/AndroidManifest.xml:19:7-32
		INJECTED from Android/HearingAppJunio/AndroidManifest.xml
		INJECTED from Android/HearingAppJunio/AndroidManifest.xml
	android:versionCode
		ADDED from Android/HearingAppJunio/AndroidManifest.xml:18:7-30
		INJECTED from Android/HearingAppJunio/AndroidManifest.xml
		INJECTED from Android/HearingAppJunio/AndroidManifest.xml
	xmlns:android
		ADDED from Android/HearingAppJunio/AndroidManifest.xml:16:11-69
uses-permission#android.permission.INTERNET
ADDED from Android/HearingAppJunio/AndroidManifest.xml:21:5-67
	android:name
		ADDED from Android/HearingAppJunio/AndroidManifest.xml:21:22-64
uses-permission#android.permission.WRITE_EXTERNAL_STORAGE
ADDED from Android/HearingAppJunio/AndroidManifest.xml:22:5-81
	android:name
		ADDED from Android/HearingAppJunio/AndroidManifest.xml:22:22-78
uses-permission#android.permission.ACCESS_WIFI_STATE
ADDED from Android/HearingAppJunio/AndroidManifest.xml:23:5-76
	android:name
		ADDED from Android/HearingAppJunio/AndroidManifest.xml:23:22-73
uses-permission#android.permission.CHANGE_WIFI_STATE
ADDED from Android/HearingAppJunio/AndroidManifest.xml:24:5-76
	android:name
		ADDED from Android/HearingAppJunio/AndroidManifest.xml:24:22-73
uses-permission#android.permission.CHANGE_NETWORK_STATE
ADDED from Android/HearingAppJunio/AndroidManifest.xml:25:5-79
	android:name
		ADDED from Android/HearingAppJunio/AndroidManifest.xml:25:22-76
uses-permission#android.permission.ACCESS_NETWORK_STATE
ADDED from Android/HearingAppJunio/AndroidManifest.xml:26:5-79
	android:name
		ADDED from Android/HearingAppJunio/AndroidManifest.xml:26:22-76
uses-permission#android.permission.RECORD_AUDIO
ADDED from Android/HearingAppJunio/AndroidManifest.xml:27:5-70
	android:name
		ADDED from Android/HearingAppJunio/AndroidManifest.xml:27:22-68
uses-permission#android.permission.BLUETOOTH
ADDED from Android/HearingAppJunio/AndroidManifest.xml:28:5-67
	android:name
		ADDED from Android/HearingAppJunio/AndroidManifest.xml:28:22-65
uses-permission#android.permission.BLUETOOTH_ADMIN
ADDED from Android/HearingAppJunio/AndroidManifest.xml:29:5-73
	android:name
		ADDED from Android/HearingAppJunio/AndroidManifest.xml:29:22-71
application
ADDED from Android/HearingAppJunio/AndroidManifest.xml:31:5-44:19
MERGED from [com.android.support:design:24.1.1] AndroidManifest.xml:22:5-20
MERGED from [com.ibm.watson.developer_cloud:android-sdk:0.2.3] AndroidManifest.xml:11:5-12:19
MERGED from [com.android.support:appcompat-v7:24.1.1] AndroidManifest.xml:25:5-20
MERGED from [com.android.support:animated-vector-drawable:24.1.1] AndroidManifest.xml:22:5-20
MERGED from [com.android.support:support-vector-drawable:24.1.1] AndroidManifest.xml:23:5-20
MERGED from [com.android.support:support-v4:24.1.1] AndroidManifest.xml:25:5-20
	android:label
		ADDED from Android/HearingAppJunio/AndroidManifest.xml:31:18-50
	android:icon
		ADDED from Android/HearingAppJunio/AndroidManifest.xml:32:18-51
activity#at.metalab.android.BluetoothChat.BluetoothChat
ADDED from Android/HearingAppJunio/AndroidManifest.xml:33:9-40:20
	android:label
		ADDED from Android/HearingAppJunio/AndroidManifest.xml:34:19-51
	android:configChanges
		ADDED from Android/HearingAppJunio/AndroidManifest.xml:35:19-69
	android:name
		ADDED from Android/HearingAppJunio/AndroidManifest.xml:33:19-80
intent-filter#android.intent.action.MAIN+android.intent.category.LAUNCHER
ADDED from Android/HearingAppJunio/AndroidManifest.xml:36:13-39:29
action#android.intent.action.MAIN
ADDED from Android/HearingAppJunio/AndroidManifest.xml:37:17-69
	android:name
		ADDED from Android/HearingAppJunio/AndroidManifest.xml:37:25-66
category#android.intent.category.LAUNCHER
ADDED from Android/HearingAppJunio/AndroidManifest.xml:38:17-77
	android:name
		ADDED from Android/HearingAppJunio/AndroidManifest.xml:38:27-74
activity#at.metalab.android.BluetoothChat.DeviceListActivity
ADDED from Android/HearingAppJunio/AndroidManifest.xml:41:9-43:72
	android:label
		ADDED from Android/HearingAppJunio/AndroidManifest.xml:42:19-56
	android:configChanges
		ADDED from Android/HearingAppJunio/AndroidManifest.xml:43:19-69
	android:name
		ADDED from Android/HearingAppJunio/AndroidManifest.xml:41:19-85
uses-sdk
INJECTED from Android/HearingAppJunio/AndroidManifest.xml reason: use-sdk injection requested
MERGED from [com.android.support:design:24.1.1] AndroidManifest.xml:20:5-43
MERGED from [com.android.support:recyclerview-v7:24.1.1] AndroidManifest.xml:20:5-43
MERGED from [com.ibm.watson.developer_cloud:android-sdk:0.2.3] AndroidManifest.xml:7:5-9:41
MERGED from [com.android.support:appcompat-v7:24.1.1] AndroidManifest.xml:21:5-23:78
MERGED from [com.android.support:animated-vector-drawable:24.1.1] AndroidManifest.xml:20:5-44
MERGED from [com.android.support:support-vector-drawable:24.1.1] AndroidManifest.xml:21:5-43
MERGED from [com.android.support:support-v4:24.1.1] AndroidManifest.xml:21:5-23:54
	tools:overrideLibrary
		ADDED from [com.android.support:appcompat-v7:24.1.1] AndroidManifest.xml:23:9-75
	android:targetSdkVersion
		INJECTED from Android/HearingAppJunio/AndroidManifest.xml
		INJECTED from Android/HearingAppJunio/AndroidManifest.xml
	android:minSdkVersion
		INJECTED from Android/HearingAppJunio/AndroidManifest.xml
		INJECTED from Android/HearingAppJunio/AndroidManifest.xml